Running: /opt/Xilinx/14.6/ISE_DS/ISE/bin/lin64/unwrapped/fuse -relaunch -intstyle "ise" -incremental -lib "unisims_ver" -lib "unimacro_ver" -lib "xilinxcorelib_ver" -o "/home/csmajs/wbi002/cs161l_lab2/lab2_tb_isim_beh.exe" -prj "/home/csmajs/wbi002/cs161l_lab2/lab2_tb_beh.prj" "work.lab2_tb" "work.glbl" 
ISim P.68d (signature 0xfbc00daa)
Number of CPUs detected in this system: 8
Turning on mult-threading, number of parallel sub-compilation jobs: 16 
Determining compilation order of HDL files
Analyzing Verilog file "/home/csmajs/wbi002/cs161l_lab2/fixedFloatConversion.v" into library work
Analyzing Verilog file "/home/csmajs/wbi002/cs161l_lab2/lab2_tb.v" into library work
Analyzing Verilog file "/opt/Xilinx/14.6/ISE_DS/ISE//verilog/src/glbl.v" into library work
Starting static elaboration
Completed static elaboration
Fuse Memory Usage: 94716 KB
Fuse CPU Usage: 980 ms
Compiling module floatToFix
Compiling module fixedToFloat
Compiling module fixedFloatConversion
Compiling module lab2_tb
Compiling module glbl
Time Resolution for simulation is 1ps.
Waiting for 1 sub-compilation(s) to finish...
Compiled 5 Verilog Units
Built simulation executable /home/csmajs/wbi002/cs161l_lab2/lab2_tb_isim_beh.exe
Fuse Memory Usage: 1179404 KB
Fuse CPU Usage: 1010 ms
GCC CPU Usage: 170 ms
