ISim log file
Running: /home/csmajs/wbi002/cs161l_lab2/lab2_tb_isim_beh.exe -intstyle ise -gui -tclbatch isim.cmd -wdb /home/csmajs/wbi002/cs161l_lab2/lab2_tb_isim_beh.wdb 
ISim P.68d (signature 0xfbc00daa)
----------------------------------------------------------------------
INFO:Security:50 - The XILINXD_LICENSE_FILE environment variable is set to '2100@elguapo.cs.ucr.edu'.
INFO:Security:53 - The LM_LICENSE_FILE environment variable is not set.
WARNING:Security:43 - No license file was found in the standard Xilinx license directory.
WARNING:Security:44 - Since no license file was found,
       please run the Xilinx License Configuration Manager
       (xlcm or "Manage Xilinx Licenses")
       to assist in obtaining a license.
WARNING:Security:42 - Your software subscription period has lapsed. Your current version of Xilinx tools will continue to function, but you no longer qualify for Xilinx software updates or new releases.


----------------------------------------------------------------------
This is a Full version of ISim.
Time resolution is 1 ps
# onerror resume
# wave add /
# run 1000 ns
Simulator is doing circuit initialization process.
Finished circuit initialization process.
Target number is 11111111111111111111111111111111
Sign is 1
Bias_exponent is 11111111
Fraction is 11111111111111111111111
Biased exponent is 255
Removed is is           0
Result is 00000000000000000000000000000000
Target number is 11111111111111111111111111111111
Sign is 1
Bias_exponent is 11111111
Fraction is 11111111111111111111111
Biased exponent is 255
Removed is is           0
Result is 00000000000000000000000000000000
Target number is 00000000000000000000000000000011
Sign is 0
Bias_exponent is 00000000
Fraction is 00000000000000000000011
Biased exponent is   0
Removed is is           0
Result is 00000000000000000000000000000000
Target number is 00000000000000000000000000000011
Sign is 0
Bias_exponent is 00000000
Fraction is 00000000000000000000011
Biased exponent is   0
Removed is is           0
Result is 00000000000000000000000000000000
# run 1.00us
Target number is 10000000000000000000000000000000
Sign is 1
Bias_exponent is 00000000
Fraction is 00000000000000000000000
Biased exponent is   0
Removed is is          23
Result is 00000000000000000000000000000000
Target number is 00111111110000000000000000000000
Sign is 0
Bias_exponent is 01111111
Fraction is 10000000000000000000000
Biased exponent is 127
Removed is is          22
Result is 00000000000000000000000000000000
Target number is 00111111110000000000000000000000
Sign is 0
Bias_exponent is 01111111
Fraction is 10000000000000000000000
Biased exponent is 127
Removed is is          22
Result is 00000000110000000000000000000000
Result is wrong
Test Complete
Target number is 00111111110000000000000000000000
Sign is 0
Bias_exponent is 01111111
Fraction is 10000000000000000000000
Biased exponent is 127
Removed is is          22
Result is 00000000110000000000000000000000
Target number is 00111111110000000000000000000000
Sign is 0
Bias_exponent is 01111111
Fraction is 10000000000000000000000
Biased exponent is 127
Removed is is          22
Result is 00000000110000000000000000000000
Target number is 00111111110000000000000000000000
Sign is 0
Bias_exponent is 01111111
Fraction is 10000000000000000000000
Biased exponent is 127
Removed is is          22
Result is 00000000110000000000000000000000
Target number is 00111111110000000000000000000000
Sign is 0
Bias_exponent is 01111111
Fraction is 10000000000000000000000
Biased exponent is 127
Removed is is          22
Result is 00000000110000000000000000000000
# run 1.00us
Target number is 00111111110000000000000000000000
Sign is 0
Bias_exponent is 01111111
Fraction is 10000000000000000000000
Biased exponent is 127
Removed is is          22
Result is 00000000110000000000000000000000
Target number is 00111111110000000000000000000000
Sign is 0
Bias_exponent is 01111111
Fraction is 10000000000000000000000
Biased exponent is 127
Removed is is          22
Result is 00000000110000000000000000000000
Target number is 00111111110000000000000000000000
Sign is 0
Bias_exponent is 01111111
Fraction is 10000000000000000000000
Biased exponent is 127
Removed is is          22
Result is 00000000110000000000000000000000
Target number is 00111111110000000000000000000000
Sign is 0
Bias_exponent is 01111111
Fraction is 10000000000000000000000
Biased exponent is 127
Removed is is          22
Result is 00000000110000000000000000000000
Target number is 00111111110000000000000000000000
Sign is 0
Bias_exponent is 01111111
Fraction is 10000000000000000000000
Biased exponent is 127
Removed is is          22
Result is 00000000110000000000000000000000
Target number is 00111111110000000000000000000000
Sign is 0
Bias_exponent is 01111111
Fraction is 10000000000000000000000
Biased exponent is 127
Removed is is          22
Result is 00000000110000000000000000000000
Target number is 00111111110000000000000000000000
Sign is 0
Bias_exponent is 01111111
Fraction is 10000000000000000000000
Biased exponent is 127
Removed is is          22
Result is 00000000110000000000000000000000
Target number is 00111111110000000000000000000000
Sign is 0
Bias_exponent is 01111111
Fraction is 10000000000000000000000
Biased exponent is 127
Removed is is          22
Result is 00000000110000000000000000000000
Target number is 00111111110000000000000000000000
Sign is 0
Bias_exponent is 01111111
Fraction is 10000000000000000000000
Biased exponent is 127
Removed is is          22
Result is 00000000110000000000000000000000
Target number is 00111111110000000000000000000000
Sign is 0
Bias_exponent is 01111111
Fraction is 10000000000000000000000
Biased exponent is 127
Removed is is          22
Result is 00000000110000000000000000000000
ISim P.68d (signature 0xfbc00daa)
----------------------------------------------------------------------
INFO:Security:50 - The XILINXD_LICENSE_FILE environment variable is set to '2100@elguapo.cs.ucr.edu'.
INFO:Security:53 - The LM_LICENSE_FILE environment variable is not set.
WARNING:Security:43 - No license file was found in the standard Xilinx license directory.
WARNING:Security:44 - Since no license file was found,
       please run the Xilinx License Configuration Manager
       (xlcm or "Manage Xilinx Licenses")
       to assist in obtaining a license.
WARNING:Security:42 - Your software subscription period has lapsed. Your current version of Xilinx tools will continue to function, but you no longer qualify for Xilinx software updates or new releases.


----------------------------------------------------------------------
This is a Full version of ISim.
# run 1000 ns
Simulator is doing circuit initialization process.
Finished circuit initialization process.
Target number is 11111111111111111111111111111111
Sign is 1
Bias_exponent is 11111111
Fraction is 11111111111111111111111
Biased exponent is 255
Removed is is           0
Result is 00000000000000000000000000000000
Target number is 11111111111111111111111111111111
Sign is 1
Bias_exponent is 11111111
Fraction is 11111111111111111111111
Biased exponent is 255
Removed is is           0
Result is xxxxxxxxxxxxxxxxxxxxxxxxxxxxxxxx
Target number is 00000000000000000000000000000011
Sign is 0
Bias_exponent is 00000000
Fraction is 00000000000000000000011
Biased exponent is   0
Removed is is           0
Result is 00000000000000000000000000000000
Target number is 00000000000000000000000000000011
Sign is 0
Bias_exponent is 00000000
Fraction is 00000000000000000000011
Biased exponent is   0
Removed is is           0
Result is xxxxxxxxxxxxxxxxxxxxxxxxxxxxxxxx
# run 1.00us
Target number is 10000000000000000000000000000000
Sign is 1
Bias_exponent is 00000000
Fraction is 00000000000000000000000
Biased exponent is   0
Removed is is          23
Result is 00000000000000000000000000000000
Target number is 00111111110000000000000000000000
Sign is 0
Bias_exponent is 01111111
Fraction is 10000000000000000000000
Biased exponent is 127
Removed is is          22
Result is xxxxxxxxxxxxxxxxxxxxxxxxxxxxxxxx
Target number is 00111111110000000000000000000000
Sign is 0
Bias_exponent is 01111111
Fraction is 10000000000000000000000
Biased exponent is 127
Removed is is          22
Result is 00000000110000000000000000000000
Result is wrong
Test Complete
Target number is 00111111110000000000000000000000
Sign is 0
Bias_exponent is 01111111
Fraction is 10000000000000000000000
Biased exponent is 127
Removed is is          22
Result is 00000000110000000000000000000000
Target number is 00111111110000000000000000000000
Sign is 0
Bias_exponent is 01111111
Fraction is 10000000000000000000000
Biased exponent is 127
Removed is is          22
Result is 00000000110000000000000000000000
Target number is 00111111110000000000000000000000
Sign is 0
Bias_exponent is 01111111
Fraction is 10000000000000000000000
Biased exponent is 127
Removed is is          22
Result is 00000000110000000000000000000000
Target number is 00111111110000000000000000000000
Sign is 0
Bias_exponent is 01111111
Fraction is 10000000000000000000000
Biased exponent is 127
Removed is is          22
Result is 00000000110000000000000000000000
# run 1.00us
Target number is 00111111110000000000000000000000
Sign is 0
Bias_exponent is 01111111
Fraction is 10000000000000000000000
Biased exponent is 127
Removed is is          22
Result is 00000000110000000000000000000000
Target number is 00111111110000000000000000000000
Sign is 0
Bias_exponent is 01111111
Fraction is 10000000000000000000000
Biased exponent is 127
Removed is is          22
Result is 00000000110000000000000000000000
Target number is 00111111110000000000000000000000
Sign is 0
Bias_exponent is 01111111
Fraction is 10000000000000000000000
Biased exponent is 127
Removed is is          22
Result is 00000000110000000000000000000000
Target number is 00111111110000000000000000000000
Sign is 0
Bias_exponent is 01111111
Fraction is 10000000000000000000000
Biased exponent is 127
Removed is is          22
Result is 00000000110000000000000000000000
Target number is 00111111110000000000000000000000
Sign is 0
Bias_exponent is 01111111
Fraction is 10000000000000000000000
Biased exponent is 127
Removed is is          22
Result is 00000000110000000000000000000000
Target number is 00111111110000000000000000000000
Sign is 0
Bias_exponent is 01111111
Fraction is 10000000000000000000000
Biased exponent is 127
Removed is is          22
Result is 00000000110000000000000000000000
Target number is 00111111110000000000000000000000
Sign is 0
Bias_exponent is 01111111
Fraction is 10000000000000000000000
Biased exponent is 127
Removed is is          22
Result is 00000000110000000000000000000000
Target number is 00111111110000000000000000000000
Sign is 0
Bias_exponent is 01111111
Fraction is 10000000000000000000000
Biased exponent is 127
Removed is is          22
Result is 00000000110000000000000000000000
Target number is 00111111110000000000000000000000
Sign is 0
Bias_exponent is 01111111
Fraction is 10000000000000000000000
Biased exponent is 127
Removed is is          22
Result is 00000000110000000000000000000000
Target number is 00111111110000000000000000000000
Sign is 0
Bias_exponent is 01111111
Fraction is 10000000000000000000000
Biased exponent is 127
Removed is is          22
Result is 00000000110000000000000000000000
ISim P.68d (signature 0xfbc00daa)
----------------------------------------------------------------------
INFO:Security:50 - The XILINXD_LICENSE_FILE environment variable is set to '2100@elguapo.cs.ucr.edu'.
INFO:Security:53 - The LM_LICENSE_FILE environment variable is not set.
WARNING:Security:43 - No license file was found in the standard Xilinx license directory.
WARNING:Security:44 - Since no license file was found,
       please run the Xilinx License Configuration Manager
       (xlcm or "Manage Xilinx Licenses")
       to assist in obtaining a license.
WARNING:Security:42 - Your software subscription period has lapsed. Your current version of Xilinx tools will continue to function, but you no longer qualify for Xilinx software updates or new releases.


----------------------------------------------------------------------
This is a Full version of ISim.
# run 1000 ns
Simulator is doing circuit initialization process.
Finished circuit initialization process.
Target number is 11111111111111111111111111111111
Sign is 1
Bias_exponent is 11111111
Fraction is 11111111111111111111111
Biased exponent is 255
Removed is is           0
Result is xxxxxxxxxxxxxxxxxxxxxxxxxxxxxxxx
Target number is 11111111111111111111111111111111
Sign is 1
Bias_exponent is 11111111
Fraction is 11111111111111111111111
Biased exponent is 255
Removed is is           0
Result is xxxxxxxxxxxxxxxxxxxxxxxxxxxxxxxx
Target number is 00000000000000000000000000000011
Sign is 0
Bias_exponent is 00000000
Fraction is 00000000000000000000011
Biased exponent is   0
Removed is is           0
Result is xxxxxxxxxxxxxxxxxxxxxxxxxxxxxxxx
Target number is 00000000000000000000000000000011
Sign is 0
Bias_exponent is 00000000
Fraction is 00000000000000000000011
Biased exponent is   0
Removed is is           0
Result is xxxxxxxxxxxxxxxxxxxxxxxxxxxxxxxx
# run 1.00us
Target number is 10000000000000000000000000000000
Sign is 1
Bias_exponent is 00000000
Fraction is 00000000000000000000000
Biased exponent is   0
Removed is is          23
Result is xxxxxxxxxxxxxxxxxxxxxxxxxxxxxxxx
Target number is 00111111110000000000000000000000
Sign is 0
Bias_exponent is 01111111
Fraction is 10000000000000000000000
Biased exponent is 127
Removed is is          22
Result is 00000000110000000000000000000000
Target number is 00111111110000000000000000000000
Sign is 0
Bias_exponent is 01111111
Fraction is 10000000000000000000000
Biased exponent is 127
Removed is is          22
Result is 00000000110000000000000000000000
Result is wrong
Test Complete
Target number is 00111111110000000000000000000000
Sign is 0
Bias_exponent is 01111111
Fraction is 10000000000000000000000
Biased exponent is 127
Removed is is          22
Result is 00000000110000000000000000000000
Target number is 00111111110000000000000000000000
Sign is 0
Bias_exponent is 01111111
Fraction is 10000000000000000000000
Biased exponent is 127
Removed is is          22
Result is 00000000110000000000000000000000
Target number is 00111111110000000000000000000000
Sign is 0
Bias_exponent is 01111111
Fraction is 10000000000000000000000
Biased exponent is 127
Removed is is          22
Result is 00000000110000000000000000000000
Target number is 00111111110000000000000000000000
Sign is 0
Bias_exponent is 01111111
Fraction is 10000000000000000000000
Biased exponent is 127
Removed is is          22
Result is 00000000110000000000000000000000
# run 1.00us
Target number is 00111111110000000000000000000000
Sign is 0
Bias_exponent is 01111111
Fraction is 10000000000000000000000
Biased exponent is 127
Removed is is          22
Result is 00000000110000000000000000000000
Target number is 00111111110000000000000000000000
Sign is 0
Bias_exponent is 01111111
Fraction is 10000000000000000000000
Biased exponent is 127
Removed is is          22
Result is 00000000110000000000000000000000
Target number is 00111111110000000000000000000000
Sign is 0
Bias_exponent is 01111111
Fraction is 10000000000000000000000
Biased exponent is 127
Removed is is          22
Result is 00000000110000000000000000000000
Target number is 00111111110000000000000000000000
Sign is 0
Bias_exponent is 01111111
Fraction is 10000000000000000000000
Biased exponent is 127
Removed is is          22
Result is 00000000110000000000000000000000
Target number is 00111111110000000000000000000000
Sign is 0
Bias_exponent is 01111111
Fraction is 10000000000000000000000
Biased exponent is 127
Removed is is          22
Result is 00000000110000000000000000000000
Target number is 00111111110000000000000000000000
Sign is 0
Bias_exponent is 01111111
Fraction is 10000000000000000000000
Biased exponent is 127
Removed is is          22
Result is 00000000110000000000000000000000
Target number is 00111111110000000000000000000000
Sign is 0
Bias_exponent is 01111111
Fraction is 10000000000000000000000
Biased exponent is 127
Removed is is          22
Result is 00000000110000000000000000000000
Target number is 00111111110000000000000000000000
Sign is 0
Bias_exponent is 01111111
Fraction is 10000000000000000000000
Biased exponent is 127
Removed is is          22
Result is 00000000110000000000000000000000
Target number is 00111111110000000000000000000000
Sign is 0
Bias_exponent is 01111111
Fraction is 10000000000000000000000
Biased exponent is 127
Removed is is          22
Result is 00000000110000000000000000000000
Target number is 00111111110000000000000000000000
Sign is 0
Bias_exponent is 01111111
Fraction is 10000000000000000000000
Biased exponent is 127
Removed is is          22
Result is 00000000110000000000000000000000
ISim P.68d (signature 0xfbc00daa)
----------------------------------------------------------------------
INFO:Security:50 - The XILINXD_LICENSE_FILE environment variable is set to '2100@elguapo.cs.ucr.edu'.
INFO:Security:53 - The LM_LICENSE_FILE environment variable is not set.
WARNING:Security:43 - No license file was found in the standard Xilinx license directory.
WARNING:Security:44 - Since no license file was found,
       please run the Xilinx License Configuration Manager
       (xlcm or "Manage Xilinx Licenses")
       to assist in obtaining a license.
WARNING:Security:42 - Your software subscription period has lapsed. Your current version of Xilinx tools will continue to function, but you no longer qualify for Xilinx software updates or new releases.


----------------------------------------------------------------------
This is a Full version of ISim.
# run 1000 ns
Simulator is doing circuit initialization process.
Finished circuit initialization process.
Target number is 11111111111111111111111111111111
Sign is 1
Bias_exponent is 11111111
Fraction is 11111111111111111111111
Biased exponent is 255
Removed is is         106
Result is xxxxxxxxxxxxxxxxxxxxxxxxxxxxxxxx
Target number is 11111111111111111111111111111111
Sign is 1
Bias_exponent is 11111111
Fraction is 11111111111111111111111
Biased exponent is 255
Removed is is         106
Result is xxxxxxxxxxxxxxxxxxxxxxxxxxxxxxxx
Target number is 00000000000000000000000000000011
Sign is 0
Bias_exponent is 00000000
Fraction is 00000000000000000000011
Biased exponent is   0
Removed is is        -149
Result is xxxxxxxxxxxxxxxxxxxxxxxxxxxxxxxx
Target number is 00000000000000000000000000000011
Sign is 0
Bias_exponent is 00000000
Fraction is 00000000000000000000011
Biased exponent is   0
Removed is is        -149
Result is xxxxxxxxxxxxxxxxxxxxxxxxxxxxxxxx
# run 1.00us
Target number is 10000000000000000000000000000000
Sign is 1
Bias_exponent is 00000000
Fraction is 00000000000000000000000
Biased exponent is   0
Removed is is        -127
Result is xxxxxxxxxxxxxxxxxxxxxxxxxxxxxxxx
Target number is 00111111110000000000000000000000
Sign is 0
Bias_exponent is 01111111
Fraction is 10000000000000000000000
Biased exponent is 127
Removed is is           0
Result is 00000000110000000000000000000000
Target number is 00111111110000000000000000000000
Sign is 0
Bias_exponent is 01111111
Fraction is 10000000000000000000000
Biased exponent is 127
Removed is is           0
Result is 00000000110000000000000000000000
Result is wrong
Test Complete
Target number is 00111111110000000000000000000000
Sign is 0
Bias_exponent is 01111111
Fraction is 10000000000000000000000
Biased exponent is 127
Removed is is           0
Result is 00000000110000000000000000000000
Target number is 00111111110000000000000000000000
Sign is 0
Bias_exponent is 01111111
Fraction is 10000000000000000000000
Biased exponent is 127
Removed is is           0
Result is 00000000110000000000000000000000
Target number is 00111111110000000000000000000000
Sign is 0
Bias_exponent is 01111111
Fraction is 10000000000000000000000
Biased exponent is 127
Removed is is           0
Result is 00000000110000000000000000000000
Target number is 00111111110000000000000000000000
Sign is 0
Bias_exponent is 01111111
Fraction is 10000000000000000000000
Biased exponent is 127
Removed is is           0
Result is 00000000110000000000000000000000
# run 1.00us
Target number is 00111111110000000000000000000000
Sign is 0
Bias_exponent is 01111111
Fraction is 10000000000000000000000
Biased exponent is 127
Removed is is           0
Result is 00000000110000000000000000000000
Target number is 00111111110000000000000000000000
Sign is 0
Bias_exponent is 01111111
Fraction is 10000000000000000000000
Biased exponent is 127
Removed is is           0
Result is 00000000110000000000000000000000
Target number is 00111111110000000000000000000000
Sign is 0
Bias_exponent is 01111111
Fraction is 10000000000000000000000
Biased exponent is 127
Removed is is           0
Result is 00000000110000000000000000000000
Target number is 00111111110000000000000000000000
Sign is 0
Bias_exponent is 01111111
Fraction is 10000000000000000000000
Biased exponent is 127
Removed is is           0
Result is 00000000110000000000000000000000
Target number is 00111111110000000000000000000000
Sign is 0
Bias_exponent is 01111111
Fraction is 10000000000000000000000
Biased exponent is 127
Removed is is           0
Result is 00000000110000000000000000000000
Target number is 00111111110000000000000000000000
Sign is 0
Bias_exponent is 01111111
Fraction is 10000000000000000000000
Biased exponent is 127
Removed is is           0
Result is 00000000110000000000000000000000
Target number is 00111111110000000000000000000000
Sign is 0
Bias_exponent is 01111111
Fraction is 10000000000000000000000
Biased exponent is 127
Removed is is           0
Result is 00000000110000000000000000000000
Target number is 00111111110000000000000000000000
Sign is 0
Bias_exponent is 01111111
Fraction is 10000000000000000000000
Biased exponent is 127
Removed is is           0
Result is 00000000110000000000000000000000
Target number is 00111111110000000000000000000000
Sign is 0
Bias_exponent is 01111111
Fraction is 10000000000000000000000
Biased exponent is 127
Removed is is           0
Result is 00000000110000000000000000000000
Target number is 00111111110000000000000000000000
Sign is 0
Bias_exponent is 01111111
Fraction is 10000000000000000000000
Biased exponent is 127
Removed is is           0
Result is 00000000110000000000000000000000
# run 1.00us
Target number is 00111111110000000000000000000000
Sign is 0
Bias_exponent is 01111111
Fraction is 10000000000000000000000
Biased exponent is 127
Removed is is           0
Result is 00000000110000000000000000000000
Target number is 00111111110000000000000000000000
Sign is 0
Bias_exponent is 01111111
Fraction is 10000000000000000000000
Biased exponent is 127
Removed is is           0
Result is 00000000110000000000000000000000
Target number is 00111111110000000000000000000000
Sign is 0
Bias_exponent is 01111111
Fraction is 10000000000000000000000
Biased exponent is 127
Removed is is           0
Result is 00000000110000000000000000000000
Target number is 00111111110000000000000000000000
Sign is 0
Bias_exponent is 01111111
Fraction is 10000000000000000000000
Biased exponent is 127
Removed is is           0
Result is 00000000110000000000000000000000
Target number is 00111111110000000000000000000000
Sign is 0
Bias_exponent is 01111111
Fraction is 10000000000000000000000
Biased exponent is 127
Removed is is           0
Result is 00000000110000000000000000000000
Target number is 00111111110000000000000000000000
Sign is 0
Bias_exponent is 01111111
Fraction is 10000000000000000000000
Biased exponent is 127
Removed is is           0
Result is 00000000110000000000000000000000
Target number is 00111111110000000000000000000000
Sign is 0
Bias_exponent is 01111111
Fraction is 10000000000000000000000
Biased exponent is 127
Removed is is           0
Result is 00000000110000000000000000000000
Target number is 00111111110000000000000000000000
Sign is 0
Bias_exponent is 01111111
Fraction is 10000000000000000000000
Biased exponent is 127
Removed is is           0
Result is 00000000110000000000000000000000
Target number is 00111111110000000000000000000000
Sign is 0
Bias_exponent is 01111111
Fraction is 10000000000000000000000
Biased exponent is 127
Removed is is           0
Result is 00000000110000000000000000000000
Target number is 00111111110000000000000000000000
Sign is 0
Bias_exponent is 01111111
Fraction is 10000000000000000000000
Biased exponent is 127
Removed is is           0
Result is 00000000110000000000000000000000
ISim P.68d (signature 0xfbc00daa)
----------------------------------------------------------------------
INFO:Security:50 - The XILINXD_LICENSE_FILE environment variable is set to '2100@elguapo.cs.ucr.edu'.
INFO:Security:53 - The LM_LICENSE_FILE environment variable is not set.
WARNING:Security:43 - No license file was found in the standard Xilinx license directory.
WARNING:Security:44 - Since no license file was found,
       please run the Xilinx License Configuration Manager
       (xlcm or "Manage Xilinx Licenses")
       to assist in obtaining a license.
WARNING:Security:42 - Your software subscription period has lapsed. Your current version of Xilinx tools will continue to function, but you no longer qualify for Xilinx software updates or new releases.


----------------------------------------------------------------------
This is a Full version of ISim.
# run 1000 ns
Simulator is doing circuit initialization process.
Finished circuit initialization process.
Target number is 11111111111111111111111111111111
Sign is 1
Bias_exponent is 11111111
Fraction is 11111111111111111111111
Biased exponent is 255
Removed is         106
Result is xxxxxxxxxxxxxxxxxxxxxxxxxxxxxxxx
Target number is 11111111111111111111111111111111
Sign is 1
Bias_exponent is 11111111
Fraction is 11111111111111111111111
Biased exponent is 255
Removed is         106
Result is xxxxxxxxxxxxxxxxxxxxxxxxxxxxxxxx
Target number is 00000000000000000000000000000011
Sign is 0
Bias_exponent is 00000000
Fraction is 00000000000000000000011
Biased exponent is   0
Removed is        -149
Result is xxxxxxxxxxxxxxxxxxxxxxxxxxxxxxxx
Target number is 00000000000000000000000000000011
Sign is 0
Bias_exponent is 00000000
Fraction is 00000000000000000000011
Biased exponent is   0
Removed is        -149
Result is xxxxxxxxxxxxxxxxxxxxxxxxxxxxxxxx
# run 1.00us
Target number is 10000000000000000000000000000000
Sign is 1
Bias_exponent is 00000000
Fraction is 00000000000000000000000
Biased exponent is   0
Removed is        -127
Result is xxxxxxxxxxxxxxxxxxxxxxxxxxxxxxxx
Target number is 00111111110000000000000000000000
Sign is 0
Bias_exponent is 01111111
Fraction is 10000000000000000000000
Biased exponent is 127
Removed is           0
Result is 00000000000000000000000000000011
Target number is 00111111110000000000000000000000
Sign is 0
Bias_exponent is 01111111
Fraction is 10000000000000000000000
Biased exponent is 127
Removed is           0
Result is 00000000000000000000000000000011
Test Complete
Target number is 00111111110000000000000000000000
Sign is 0
Bias_exponent is 01111111
Fraction is 10000000000000000000000
Biased exponent is 127
Removed is           0
Result is 00000000000000000000000000000011
Target number is 00111111110000000000000000000000
Sign is 0
Bias_exponent is 01111111
Fraction is 10000000000000000000000
Biased exponent is 127
Removed is           0
Result is 00000000000000000000000000000011
Target number is 00111111110000000000000000000000
Sign is 0
Bias_exponent is 01111111
Fraction is 10000000000000000000000
Biased exponent is 127
Removed is           0
Result is 00000000000000000000000000000011
Target number is 00111111110000000000000000000000
Sign is 0
Bias_exponent is 01111111
Fraction is 10000000000000000000000
Biased exponent is 127
Removed is           0
Result is 00000000000000000000000000000011
# run 1.00us
Target number is 00111111110000000000000000000000
Sign is 0
Bias_exponent is 01111111
Fraction is 10000000000000000000000
Biased exponent is 127
Removed is           0
Result is 00000000000000000000000000000011
Target number is 00111111110000000000000000000000
Sign is 0
Bias_exponent is 01111111
Fraction is 10000000000000000000000
Biased exponent is 127
Removed is           0
Result is 00000000000000000000000000000011
Target number is 00111111110000000000000000000000
Sign is 0
Bias_exponent is 01111111
Fraction is 10000000000000000000000
Biased exponent is 127
Removed is           0
Result is 00000000000000000000000000000011
Target number is 00111111110000000000000000000000
Sign is 0
Bias_exponent is 01111111
Fraction is 10000000000000000000000
Biased exponent is 127
Removed is           0
Result is 00000000000000000000000000000011
Target number is 00111111110000000000000000000000
Sign is 0
Bias_exponent is 01111111
Fraction is 10000000000000000000000
Biased exponent is 127
Removed is           0
Result is 00000000000000000000000000000011
Target number is 00111111110000000000000000000000
Sign is 0
Bias_exponent is 01111111
Fraction is 10000000000000000000000
Biased exponent is 127
Removed is           0
Result is 00000000000000000000000000000011
Target number is 00111111110000000000000000000000
Sign is 0
Bias_exponent is 01111111
Fraction is 10000000000000000000000
Biased exponent is 127
Removed is           0
Result is 00000000000000000000000000000011
Target number is 00111111110000000000000000000000
Sign is 0
Bias_exponent is 01111111
Fraction is 10000000000000000000000
Biased exponent is 127
Removed is           0
Result is 00000000000000000000000000000011
Target number is 00111111110000000000000000000000
Sign is 0
Bias_exponent is 01111111
Fraction is 10000000000000000000000
Biased exponent is 127
Removed is           0
Result is 00000000000000000000000000000011
Target number is 00111111110000000000000000000000
Sign is 0
Bias_exponent is 01111111
Fraction is 10000000000000000000000
Biased exponent is 127
Removed is           0
Result is 00000000000000000000000000000011
# run 1.00us
Target number is 00111111110000000000000000000000
Sign is 0
Bias_exponent is 01111111
Fraction is 10000000000000000000000
Biased exponent is 127
Removed is           0
Result is 00000000000000000000000000000011
Target number is 00111111110000000000000000000000
Sign is 0
Bias_exponent is 01111111
Fraction is 10000000000000000000000
Biased exponent is 127
Removed is           0
Result is 00000000000000000000000000000011
Target number is 00111111110000000000000000000000
Sign is 0
Bias_exponent is 01111111
Fraction is 10000000000000000000000
Biased exponent is 127
Removed is           0
Result is 00000000000000000000000000000011
Target number is 00111111110000000000000000000000
Sign is 0
Bias_exponent is 01111111
Fraction is 10000000000000000000000
Biased exponent is 127
Removed is           0
Result is 00000000000000000000000000000011
Target number is 00111111110000000000000000000000
Sign is 0
Bias_exponent is 01111111
Fraction is 10000000000000000000000
Biased exponent is 127
Removed is           0
Result is 00000000000000000000000000000011
Target number is 00111111110000000000000000000000
Sign is 0
Bias_exponent is 01111111
Fraction is 10000000000000000000000
Biased exponent is 127
Removed is           0
Result is 00000000000000000000000000000011
Target number is 00111111110000000000000000000000
Sign is 0
Bias_exponent is 01111111
Fraction is 10000000000000000000000
Biased exponent is 127
Removed is           0
Result is 00000000000000000000000000000011
Target number is 00111111110000000000000000000000
Sign is 0
Bias_exponent is 01111111
Fraction is 10000000000000000000000
Biased exponent is 127
Removed is           0
Result is 00000000000000000000000000000011
Target number is 00111111110000000000000000000000
Sign is 0
Bias_exponent is 01111111
Fraction is 10000000000000000000000
Biased exponent is 127
Removed is           0
Result is 00000000000000000000000000000011
Target number is 00111111110000000000000000000000
Sign is 0
Bias_exponent is 01111111
Fraction is 10000000000000000000000
Biased exponent is 127
Removed is           0
Result is 00000000000000000000000000000011
ISim P.68d (signature 0xfbc00daa)
----------------------------------------------------------------------
INFO:Security:50 - The XILINXD_LICENSE_FILE environment variable is set to '2100@elguapo.cs.ucr.edu'.
INFO:Security:53 - The LM_LICENSE_FILE environment variable is not set.
WARNING:Security:43 - No license file was found in the standard Xilinx license directory.
WARNING:Security:44 - Since no license file was found,
       please run the Xilinx License Configuration Manager
       (xlcm or "Manage Xilinx Licenses")
       to assist in obtaining a license.
WARNING:Security:42 - Your software subscription period has lapsed. Your current version of Xilinx tools will continue to function, but you no longer qualify for Xilinx software updates or new releases.


----------------------------------------------------------------------
This is a Full version of ISim.
# run 1000 ns
Simulator is doing circuit initialization process.
Finished circuit initialization process.
Target number is 11111111111111111111111111111111
Sign is 1
Bias_exponent is 11111111
Fraction is 11111111111111111111111
Biased exponent is 255
Removed is         106
Result is xxxxxxxxxxxxxxxxxxxxxxxxxxxxxxxx
Target number is 11111111111111111111111111111111
Sign is 1
Bias_exponent is 11111111
Fraction is 11111111111111111111111
Biased exponent is 255
Removed is         106
Result is xxxxxxxxxxxxxxxxxxxxxxxxxxxxxxxx
Target number is 00000000000000000000000000000011
Sign is 0
Bias_exponent is 00000000
Fraction is 00000000000000000000011
Biased exponent is   0
Removed is        -149
Result is xxxxxxxxxxxxxxxxxxxxxxxxxxxxxxxx
Target number is 00000000000000000000000000000011
Sign is 0
Bias_exponent is 00000000
Fraction is 00000000000000000000011
Biased exponent is   0
Removed is        -149
Result is xxxxxxxxxxxxxxxxxxxxxxxxxxxxxxxx
# run 1.00us
Target number is 10000000000000000000000000000000
Sign is 1
Bias_exponent is 00000000
Fraction is 00000000000000000000000
Biased exponent is   0
Removed is        -127
Result is xxxxxxxxxxxxxxxxxxxxxxxxxxxxxxxx
Target number is 00111111110000000000000000000000
Sign is 0
Bias_exponent is 01111111
Fraction is 10000000000000000000000
Biased exponent is 127
Removed is           0
Result is 00000000000000000000000000000011
Target number is 00111111110000000000000000000000
Sign is 0
Bias_exponent is 01111111
Fraction is 10000000000000000000000
Biased exponent is 127
Removed is           0
Result is 00000000000000000000000000000011
Target number is 10111111000000000000000000000000
Sign is 1
Bias_exponent is 01111110
Fraction is 00000000000000000000000
Biased exponent is 126
Removed is           0
Result is 11111111111111111111111111111111
Result is wrong
Test Complete
Target number is 10111111000000000000000000000000
Sign is 1
Bias_exponent is 01111110
Fraction is 00000000000000000000000
Biased exponent is 126
Removed is           0
Result is 11111111111111111111111111111111
Target number is 10111111000000000000000000000000
Sign is 1
Bias_exponent is 01111110
Fraction is 00000000000000000000000
Biased exponent is 126
Removed is           0
Result is 11111111111111111111111111111111
Target number is 10111111000000000000000000000000
Sign is 1
Bias_exponent is 01111110
Fraction is 00000000000000000000000
Biased exponent is 126
Removed is           0
Result is 11111111111111111111111111111111
# run 1.00us
Target number is 10111111000000000000000000000000
Sign is 1
Bias_exponent is 01111110
Fraction is 00000000000000000000000
Biased exponent is 126
Removed is           0
Result is 11111111111111111111111111111111
Target number is 10111111000000000000000000000000
Sign is 1
Bias_exponent is 01111110
Fraction is 00000000000000000000000
Biased exponent is 126
Removed is           0
Result is 11111111111111111111111111111111
Target number is 10111111000000000000000000000000
Sign is 1
Bias_exponent is 01111110
Fraction is 00000000000000000000000
Biased exponent is 126
Removed is           0
Result is 11111111111111111111111111111111
Target number is 10111111000000000000000000000000
Sign is 1
Bias_exponent is 01111110
Fraction is 00000000000000000000000
Biased exponent is 126
Removed is           0
Result is 11111111111111111111111111111111
Target number is 10111111000000000000000000000000
Sign is 1
Bias_exponent is 01111110
Fraction is 00000000000000000000000
Biased exponent is 126
Removed is           0
Result is 11111111111111111111111111111111
Target number is 10111111000000000000000000000000
Sign is 1
Bias_exponent is 01111110
Fraction is 00000000000000000000000
Biased exponent is 126
Removed is           0
Result is 11111111111111111111111111111111
Target number is 10111111000000000000000000000000
Sign is 1
Bias_exponent is 01111110
Fraction is 00000000000000000000000
Biased exponent is 126
Removed is           0
Result is 11111111111111111111111111111111
Target number is 10111111000000000000000000000000
Sign is 1
Bias_exponent is 01111110
Fraction is 00000000000000000000000
Biased exponent is 126
Removed is           0
Result is 11111111111111111111111111111111
Target number is 10111111000000000000000000000000
Sign is 1
Bias_exponent is 01111110
Fraction is 00000000000000000000000
Biased exponent is 126
Removed is           0
Result is 11111111111111111111111111111111
Target number is 10111111000000000000000000000000
Sign is 1
Bias_exponent is 01111110
Fraction is 00000000000000000000000
Biased exponent is 126
Removed is           0
Result is 11111111111111111111111111111111
# run 1.00us
Target number is 10111111000000000000000000000000
Sign is 1
Bias_exponent is 01111110
Fraction is 00000000000000000000000
Biased exponent is 126
Removed is           0
Result is 11111111111111111111111111111111
Target number is 10111111000000000000000000000000
Sign is 1
Bias_exponent is 01111110
Fraction is 00000000000000000000000
Biased exponent is 126
Removed is           0
Result is 11111111111111111111111111111111
Target number is 10111111000000000000000000000000
Sign is 1
Bias_exponent is 01111110
Fraction is 00000000000000000000000
Biased exponent is 126
Removed is           0
Result is 11111111111111111111111111111111
Target number is 10111111000000000000000000000000
Sign is 1
Bias_exponent is 01111110
Fraction is 00000000000000000000000
Biased exponent is 126
Removed is           0
Result is 11111111111111111111111111111111
Target number is 10111111000000000000000000000000
Sign is 1
Bias_exponent is 01111110
Fraction is 00000000000000000000000
Biased exponent is 126
Removed is           0
Result is 11111111111111111111111111111111
Target number is 10111111000000000000000000000000
Sign is 1
Bias_exponent is 01111110
Fraction is 00000000000000000000000
Biased exponent is 126
Removed is           0
Result is 11111111111111111111111111111111
Target number is 10111111000000000000000000000000
Sign is 1
Bias_exponent is 01111110
Fraction is 00000000000000000000000
Biased exponent is 126
Removed is           0
Result is 11111111111111111111111111111111
Target number is 10111111000000000000000000000000
Sign is 1
Bias_exponent is 01111110
Fraction is 00000000000000000000000
Biased exponent is 126
Removed is           0
Result is 11111111111111111111111111111111
Target number is 10111111000000000000000000000000
Sign is 1
Bias_exponent is 01111110
Fraction is 00000000000000000000000
Biased exponent is 126
Removed is           0
Result is 11111111111111111111111111111111
Target number is 10111111000000000000000000000000
Sign is 1
Bias_exponent is 01111110
Fraction is 00000000000000000000000
Biased exponent is 126
Removed is           0
Result is 11111111111111111111111111111111
# run 1.00us
Target number is 10111111000000000000000000000000
Sign is 1
Bias_exponent is 01111110
Fraction is 00000000000000000000000
Biased exponent is 126
Removed is           0
Result is 11111111111111111111111111111111
Target number is 10111111000000000000000000000000
Sign is 1
Bias_exponent is 01111110
Fraction is 00000000000000000000000
Biased exponent is 126
Removed is           0
Result is 11111111111111111111111111111111
Target number is 10111111000000000000000000000000
Sign is 1
Bias_exponent is 01111110
Fraction is 00000000000000000000000
Biased exponent is 126
Removed is           0
Result is 11111111111111111111111111111111
Target number is 10111111000000000000000000000000
Sign is 1
Bias_exponent is 01111110
Fraction is 00000000000000000000000
Biased exponent is 126
Removed is           0
Result is 11111111111111111111111111111111
Target number is 10111111000000000000000000000000
Sign is 1
Bias_exponent is 01111110
Fraction is 00000000000000000000000
Biased exponent is 126
Removed is           0
Result is 11111111111111111111111111111111
Target number is 10111111000000000000000000000000
Sign is 1
Bias_exponent is 01111110
Fraction is 00000000000000000000000
Biased exponent is 126
Removed is           0
Result is 11111111111111111111111111111111
Target number is 10111111000000000000000000000000
Sign is 1
Bias_exponent is 01111110
Fraction is 00000000000000000000000
Biased exponent is 126
Removed is           0
Result is 11111111111111111111111111111111
Target number is 10111111000000000000000000000000
Sign is 1
Bias_exponent is 01111110
Fraction is 00000000000000000000000
Biased exponent is 126
Removed is           0
Result is 11111111111111111111111111111111
Target number is 10111111000000000000000000000000
Sign is 1
Bias_exponent is 01111110
Fraction is 00000000000000000000000
Biased exponent is 126
Removed is           0
Result is 11111111111111111111111111111111
Target number is 10111111000000000000000000000000
Sign is 1
Bias_exponent is 01111110
Fraction is 00000000000000000000000
Biased exponent is 126
Removed is           0
Result is 11111111111111111111111111111111
# run 1.00us
Target number is 10111111000000000000000000000000
Sign is 1
Bias_exponent is 01111110
Fraction is 00000000000000000000000
Biased exponent is 126
Removed is           0
Result is 11111111111111111111111111111111
Target number is 10111111000000000000000000000000
Sign is 1
Bias_exponent is 01111110
Fraction is 00000000000000000000000
Biased exponent is 126
Removed is           0
Result is 11111111111111111111111111111111
Target number is 10111111000000000000000000000000
Sign is 1
Bias_exponent is 01111110
Fraction is 00000000000000000000000
Biased exponent is 126
Removed is           0
Result is 11111111111111111111111111111111
Target number is 10111111000000000000000000000000
Sign is 1
Bias_exponent is 01111110
Fraction is 00000000000000000000000
Biased exponent is 126
Removed is           0
Result is 11111111111111111111111111111111
Target number is 10111111000000000000000000000000
Sign is 1
Bias_exponent is 01111110
Fraction is 00000000000000000000000
Biased exponent is 126
Removed is           0
Result is 11111111111111111111111111111111
Target number is 10111111000000000000000000000000
Sign is 1
Bias_exponent is 01111110
Fraction is 00000000000000000000000
Biased exponent is 126
Removed is           0
Result is 11111111111111111111111111111111
Target number is 10111111000000000000000000000000
Sign is 1
Bias_exponent is 01111110
Fraction is 00000000000000000000000
Biased exponent is 126
Removed is           0
Result is 11111111111111111111111111111111
Target number is 10111111000000000000000000000000
Sign is 1
Bias_exponent is 01111110
Fraction is 00000000000000000000000
Biased exponent is 126
Removed is           0
Result is 11111111111111111111111111111111
Target number is 10111111000000000000000000000000
Sign is 1
Bias_exponent is 01111110
Fraction is 00000000000000000000000
Biased exponent is 126
Removed is           0
Result is 11111111111111111111111111111111
Target number is 10111111000000000000000000000000
Sign is 1
Bias_exponent is 01111110
Fraction is 00000000000000000000000
Biased exponent is 126
Removed is           0
Result is 11111111111111111111111111111111
# run 1.00us
Target number is 10111111000000000000000000000000
Sign is 1
Bias_exponent is 01111110
Fraction is 00000000000000000000000
Biased exponent is 126
Removed is           0
Result is 11111111111111111111111111111111
Target number is 10111111000000000000000000000000
Sign is 1
Bias_exponent is 01111110
Fraction is 00000000000000000000000
Biased exponent is 126
Removed is           0
Result is 11111111111111111111111111111111
Target number is 10111111000000000000000000000000
Sign is 1
Bias_exponent is 01111110
Fraction is 00000000000000000000000
Biased exponent is 126
Removed is           0
Result is 11111111111111111111111111111111
Target number is 10111111000000000000000000000000
Sign is 1
Bias_exponent is 01111110
Fraction is 00000000000000000000000
Biased exponent is 126
Removed is           0
Result is 11111111111111111111111111111111
Target number is 10111111000000000000000000000000
Sign is 1
Bias_exponent is 01111110
Fraction is 00000000000000000000000
Biased exponent is 126
Removed is           0
Result is 11111111111111111111111111111111
Target number is 10111111000000000000000000000000
Sign is 1
Bias_exponent is 01111110
Fraction is 00000000000000000000000
Biased exponent is 126
Removed is           0
Result is 11111111111111111111111111111111
Target number is 10111111000000000000000000000000
Sign is 1
Bias_exponent is 01111110
Fraction is 00000000000000000000000
Biased exponent is 126
Removed is           0
Result is 11111111111111111111111111111111
Target number is 10111111000000000000000000000000
Sign is 1
Bias_exponent is 01111110
Fraction is 00000000000000000000000
Biased exponent is 126
Removed is           0
Result is 11111111111111111111111111111111
Target number is 10111111000000000000000000000000
Sign is 1
Bias_exponent is 01111110
Fraction is 00000000000000000000000
Biased exponent is 126
Removed is           0
Result is 11111111111111111111111111111111
Target number is 10111111000000000000000000000000
Sign is 1
Bias_exponent is 01111110
Fraction is 00000000000000000000000
Biased exponent is 126
Removed is           0
Result is 11111111111111111111111111111111
# run 1.00us
Target number is 10111111000000000000000000000000
Sign is 1
Bias_exponent is 01111110
Fraction is 00000000000000000000000
Biased exponent is 126
Removed is           0
Result is 11111111111111111111111111111111
Target number is 10111111000000000000000000000000
Sign is 1
Bias_exponent is 01111110
Fraction is 00000000000000000000000
Biased exponent is 126
Removed is           0
Result is 11111111111111111111111111111111
Target number is 10111111000000000000000000000000
Sign is 1
Bias_exponent is 01111110
Fraction is 00000000000000000000000
Biased exponent is 126
Removed is           0
Result is 11111111111111111111111111111111
Target number is 10111111000000000000000000000000
Sign is 1
Bias_exponent is 01111110
Fraction is 00000000000000000000000
Biased exponent is 126
Removed is           0
Result is 11111111111111111111111111111111
Target number is 10111111000000000000000000000000
Sign is 1
Bias_exponent is 01111110
Fraction is 00000000000000000000000
Biased exponent is 126
Removed is           0
Result is 11111111111111111111111111111111
Target number is 10111111000000000000000000000000
Sign is 1
Bias_exponent is 01111110
Fraction is 00000000000000000000000
Biased exponent is 126
Removed is           0
Result is 11111111111111111111111111111111
Target number is 10111111000000000000000000000000
Sign is 1
Bias_exponent is 01111110
Fraction is 00000000000000000000000
Biased exponent is 126
Removed is           0
Result is 11111111111111111111111111111111
Target number is 10111111000000000000000000000000
Sign is 1
Bias_exponent is 01111110
Fraction is 00000000000000000000000
Biased exponent is 126
Removed is           0
Result is 11111111111111111111111111111111
Target number is 10111111000000000000000000000000
Sign is 1
Bias_exponent is 01111110
Fraction is 00000000000000000000000
Biased exponent is 126
Removed is           0
Result is 11111111111111111111111111111111
Target number is 10111111000000000000000000000000
Sign is 1
Bias_exponent is 01111110
Fraction is 00000000000000000000000
Biased exponent is 126
Removed is           0
Result is 11111111111111111111111111111111
# run 1.00us
Target number is 10111111000000000000000000000000
Sign is 1
Bias_exponent is 01111110
Fraction is 00000000000000000000000
Biased exponent is 126
Removed is           0
Result is 11111111111111111111111111111111
Target number is 10111111000000000000000000000000
Sign is 1
Bias_exponent is 01111110
Fraction is 00000000000000000000000
Biased exponent is 126
Removed is           0
Result is 11111111111111111111111111111111
Target number is 10111111000000000000000000000000
Sign is 1
Bias_exponent is 01111110
Fraction is 00000000000000000000000
Biased exponent is 126
Removed is           0
Result is 11111111111111111111111111111111
Target number is 10111111000000000000000000000000
Sign is 1
Bias_exponent is 01111110
Fraction is 00000000000000000000000
Biased exponent is 126
Removed is           0
Result is 11111111111111111111111111111111
Target number is 10111111000000000000000000000000
Sign is 1
Bias_exponent is 01111110
Fraction is 00000000000000000000000
Biased exponent is 126
Removed is           0
Result is 11111111111111111111111111111111
Target number is 10111111000000000000000000000000
Sign is 1
Bias_exponent is 01111110
Fraction is 00000000000000000000000
Biased exponent is 126
Removed is           0
Result is 11111111111111111111111111111111
Target number is 10111111000000000000000000000000
Sign is 1
Bias_exponent is 01111110
Fraction is 00000000000000000000000
Biased exponent is 126
Removed is           0
Result is 11111111111111111111111111111111
Target number is 10111111000000000000000000000000
Sign is 1
Bias_exponent is 01111110
Fraction is 00000000000000000000000
Biased exponent is 126
Removed is           0
Result is 11111111111111111111111111111111
Target number is 10111111000000000000000000000000
Sign is 1
Bias_exponent is 01111110
Fraction is 00000000000000000000000
Biased exponent is 126
Removed is           0
Result is 11111111111111111111111111111111
Target number is 10111111000000000000000000000000
Sign is 1
Bias_exponent is 01111110
Fraction is 00000000000000000000000
Biased exponent is 126
Removed is           0
Result is 11111111111111111111111111111111
# run 1.00us
Target number is 10111111000000000000000000000000
Sign is 1
Bias_exponent is 01111110
Fraction is 00000000000000000000000
Biased exponent is 126
Removed is           0
Result is 11111111111111111111111111111111
Target number is 10111111000000000000000000000000
Sign is 1
Bias_exponent is 01111110
Fraction is 00000000000000000000000
Biased exponent is 126
Removed is           0
Result is 11111111111111111111111111111111
Target number is 10111111000000000000000000000000
Sign is 1
Bias_exponent is 01111110
Fraction is 00000000000000000000000
Biased exponent is 126
Removed is           0
Result is 11111111111111111111111111111111
Target number is 10111111000000000000000000000000
Sign is 1
Bias_exponent is 01111110
Fraction is 00000000000000000000000
Biased exponent is 126
Removed is           0
Result is 11111111111111111111111111111111
Target number is 10111111000000000000000000000000
Sign is 1
Bias_exponent is 01111110
Fraction is 00000000000000000000000
Biased exponent is 126
Removed is           0
Result is 11111111111111111111111111111111
Target number is 10111111000000000000000000000000
Sign is 1
Bias_exponent is 01111110
Fraction is 00000000000000000000000
Biased exponent is 126
Removed is           0
Result is 11111111111111111111111111111111
Target number is 10111111000000000000000000000000
Sign is 1
Bias_exponent is 01111110
Fraction is 00000000000000000000000
Biased exponent is 126
Removed is           0
Result is 11111111111111111111111111111111
Target number is 10111111000000000000000000000000
Sign is 1
Bias_exponent is 01111110
Fraction is 00000000000000000000000
Biased exponent is 126
Removed is           0
Result is 11111111111111111111111111111111
Target number is 10111111000000000000000000000000
Sign is 1
Bias_exponent is 01111110
Fraction is 00000000000000000000000
Biased exponent is 126
Removed is           0
Result is 11111111111111111111111111111111
Target number is 10111111000000000000000000000000
Sign is 1
Bias_exponent is 01111110
Fraction is 00000000000000000000000
Biased exponent is 126
Removed is           0
Result is 11111111111111111111111111111111
ISim P.68d (signature 0xfbc00daa)
----------------------------------------------------------------------
INFO:Security:50 - The XILINXD_LICENSE_FILE environment variable is set to '2100@elguapo.cs.ucr.edu'.
INFO:Security:53 - The LM_LICENSE_FILE environment variable is not set.
WARNING:Security:43 - No license file was found in the standard Xilinx license directory.
WARNING:Security:44 - Since no license file was found,
       please run the Xilinx License Configuration Manager
       (xlcm or "Manage Xilinx Licenses")
       to assist in obtaining a license.
WARNING:Security:42 - Your software subscription period has lapsed. Your current version of Xilinx tools will continue to function, but you no longer qualify for Xilinx software updates or new releases.


----------------------------------------------------------------------
This is a Full version of ISim.
# run 1000 ns
Simulator is doing circuit initialization process.
Finished circuit initialization process.
# run 1.00us
Result is wrong
Test Complete
# run 1.00us
ISim P.68d (signature 0xfbc00daa)
----------------------------------------------------------------------
INFO:Security:50 - The XILINXD_LICENSE_FILE environment variable is set to '2100@elguapo.cs.ucr.edu'.
INFO:Security:53 - The LM_LICENSE_FILE environment variable is not set.
WARNING:Security:43 - No license file was found in the standard Xilinx license directory.
WARNING:Security:44 - Since no license file was found,
       please run the Xilinx License Configuration Manager
       (xlcm or "Manage Xilinx Licenses")
       to assist in obtaining a license.
WARNING:Security:42 - Your software subscription period has lapsed. Your current version of Xilinx tools will continue to function, but you no longer qualify for Xilinx software updates or new releases.


----------------------------------------------------------------------
This is a Full version of ISim.
# run 1000 ns
Simulator is doing circuit initialization process.
Finished circuit initialization process.
Target number is 11111111111111111111111111111111
Sign is 1
Bias_exponent is 11111111
Fraction is 11111111111111111111111
Biased exponent is 255
Removed is         106
Result is xxxxxxxxxxxxxxxxxxxxxxxxxxxxxxxx
Target number is 11111111111111111111111111111111
Sign is 1
Bias_exponent is 11111111
Fraction is 11111111111111111111111
Biased exponent is 255
Removed is         106
Result is xxxxxxxxxxxxxxxxxxxxxxxxxxxxxxxx
Target number is 00000000000000000000000000000011
Sign is 0
Bias_exponent is 00000000
Fraction is 00000000000000000000011
Biased exponent is   0
Removed is        -149
Result is xxxxxxxxxxxxxxxxxxxxxxxxxxxxxxxx
Target number is 00000000000000000000000000000011
Sign is 0
Bias_exponent is 00000000
Fraction is 00000000000000000000011
Biased exponent is   0
Removed is        -149
Result is xxxxxxxxxxxxxxxxxxxxxxxxxxxxxxxx
ISim P.68d (signature 0xfbc00daa)
----------------------------------------------------------------------
INFO:Security:50 - The XILINXD_LICENSE_FILE environment variable is set to '2100@elguapo.cs.ucr.edu'.
INFO:Security:53 - The LM_LICENSE_FILE environment variable is not set.
WARNING:Security:43 - No license file was found in the standard Xilinx license directory.
WARNING:Security:44 - Since no license file was found,
       please run the Xilinx License Configuration Manager
       (xlcm or "Manage Xilinx Licenses")
       to assist in obtaining a license.
WARNING:Security:42 - Your software subscription period has lapsed. Your current version of Xilinx tools will continue to function, but you no longer qualify for Xilinx software updates or new releases.


----------------------------------------------------------------------
This is a Full version of ISim.
# run 1000 ns
Simulator is doing circuit initialization process.
Finished circuit initialization process.
Target number is 11111111111111111111111111111111
Sign is 1
Bias_exponent is 11111111
Fraction is 11111111111111111111111
I is 00000000111111111111111111111111
Biased exponent is 255
Removed is         106
Result is xxxxxxxxxxxxxxxxxxxxxxxxxxxxxxxx
Target number is 11111111111111111111111111111111
Sign is 1
Bias_exponent is 11111111
Fraction is 11111111111111111111111
I is 00000000111111111111111111111111
Biased exponent is 255
Removed is         106
Result is xxxxxxxxxxxxxxxxxxxxxxxxxxxxxxxx
Target number is 00000000000000000000000000000011
Sign is 0
Bias_exponent is 00000000
Fraction is 00000000000000000000011
I is 00000000100000000000000000000011
Biased exponent is   0
Removed is        -149
Result is xxxxxxxxxxxxxxxxxxxxxxxxxxxxxxxx
Target number is 00000000000000000000000000000011
Sign is 0
Bias_exponent is 00000000
Fraction is 00000000000000000000011
I is 00000000100000000000000000000011
Biased exponent is   0
Removed is        -149
Result is xxxxxxxxxxxxxxxxxxxxxxxxxxxxxxxx
ISim P.68d (signature 0xfbc00daa)
----------------------------------------------------------------------
INFO:Security:50 - The XILINXD_LICENSE_FILE environment variable is set to '2100@elguapo.cs.ucr.edu'.
INFO:Security:53 - The LM_LICENSE_FILE environment variable is not set.
WARNING:Security:43 - No license file was found in the standard Xilinx license directory.
WARNING:Security:44 - Since no license file was found,
       please run the Xilinx License Configuration Manager
       (xlcm or "Manage Xilinx Licenses")
       to assist in obtaining a license.
WARNING:Security:42 - Your software subscription period has lapsed. Your current version of Xilinx tools will continue to function, but you no longer qualify for Xilinx software updates or new releases.


----------------------------------------------------------------------
This is a Full version of ISim.
# run 1000 ns
Simulator is doing circuit initialization process.
Finished circuit initialization process.
Target number is 11111111111111111111111111111111
Sign is 1
Bias_exponent is 11111111
Fraction is 11111111111111111111111
I is 00000000111111111111111111111111
I after is 00000000111111111111111111111111
Biased exponent is 255
Removed is         106
Result is xxxxxxxxxxxxxxxxxxxxxxxxxxxxxxxx
Target number is 11111111111111111111111111111111
Sign is 1
Bias_exponent is 11111111
Fraction is 11111111111111111111111
I is 00000000111111111111111111111111
I after is 00000000111111111111111111111111
Biased exponent is 255
Removed is         106
Result is xxxxxxxxxxxxxxxxxxxxxxxxxxxxxxxx
Target number is 00000000000000000000000000000011
Sign is 0
Bias_exponent is 00000000
Fraction is 00000000000000000000011
I is 00000000100000000000000000000011
I after is 00000000100000000000000000000011
Biased exponent is   0
Removed is        -149
Result is xxxxxxxxxxxxxxxxxxxxxxxxxxxxxxxx
Target number is 00000000000000000000000000000011
Sign is 0
Bias_exponent is 00000000
Fraction is 00000000000000000000011
I is 00000000100000000000000000000011
I after is 00000000100000000000000000000011
Biased exponent is   0
Removed is        -149
Result is xxxxxxxxxxxxxxxxxxxxxxxxxxxxxxxx
# run 1.00us
Target number is 10000000000000000000000000000000
Sign is 1
Bias_exponent is 00000000
Fraction is 00000000000000000000000
I is 00000000100000000000000000000000
I after is 00000000000000000000000000000001
Biased exponent is   0
Removed is        -127
Result is xxxxxxxxxxxxxxxxxxxxxxxxxxxxxxxx
Target number is 10000000000000000000000000000000
Sign is 1
Bias_exponent is 00000000
Fraction is 00000000000000000000000
I is 00000000100000000000000000000000
I after is 00000000000000000000000000000001
Biased exponent is   0
Removed is        -127
Result is xxxxxxxxxxxxxxxxxxxxxxxxxxxxxxxx
Target number is 00111111110000000000000000000000
Sign is 0
Bias_exponent is 01111111
Fraction is 10000000000000000000000
I is 00000000110000000000000000000000
I after is 00000000000000000000000000000011
Biased exponent is 127
Removed is           0
Result is 00000000000000000000000000000011
Target number is 00111111110000000000000000000000
Sign is 0
Bias_exponent is 01111111
Fraction is 10000000000000000000000
I is 00000000110000000000000000000000
I after is 00000000000000000000000000000011
Biased exponent is 127
Removed is           0
Result is 00000000000000000000000000000011
Target number is 10111111000000000000000000000000
Sign is 1
Bias_exponent is 01111110
Fraction is 00000000000000000000000
I is 00000000100000000000000000000000
I after is 00000000000000000000000000000001
Biased exponent is 126
Removed is           0
Result is 11111111111111111111111111111111
Target number is 10111111000000000000000000000000
Sign is 1
Bias_exponent is 01111110
Fraction is 00000000000000000000000
I is 00000000100000000000000000000000
I after is 00000000000000000000000000000001
Biased exponent is 126
Removed is           0
Result is 11111111111111111111111111111111
Test Complete
# run 1.00us
Target number is 10111111000000000000000000000000
Sign is 1
Bias_exponent is 01111110
Fraction is 00000000000000000000000
I is 00000000100000000000000000000000
I after is 00000000000000000000000000000001
Biased exponent is 126
Removed is           0
Result is 11111111111111111111111111111111
Target number is 10111111000000000000000000000000
Sign is 1
Bias_exponent is 01111110
Fraction is 00000000000000000000000
I is 00000000100000000000000000000000
I after is 00000000000000000000000000000001
Biased exponent is 126
Removed is           0
Result is 11111111111111111111111111111111
Target number is 10111111000000000000000000000000
Sign is 1
Bias_exponent is 01111110
Fraction is 00000000000000000000000
I is 00000000100000000000000000000000
I after is 00000000000000000000000000000001
Biased exponent is 126
Removed is           0
Result is 11111111111111111111111111111111
Target number is 10111111000000000000000000000000
Sign is 1
Bias_exponent is 01111110
Fraction is 00000000000000000000000
I is 00000000100000000000000000000000
I after is 00000000000000000000000000000001
Biased exponent is 126
Removed is           0
Result is 11111111111111111111111111111111
Target number is 10111111000000000000000000000000
Sign is 1
Bias_exponent is 01111110
Fraction is 00000000000000000000000
I is 00000000100000000000000000000000
I after is 00000000000000000000000000000001
Biased exponent is 126
Removed is           0
Result is 11111111111111111111111111111111
Target number is 10111111000000000000000000000000
Sign is 1
Bias_exponent is 01111110
Fraction is 00000000000000000000000
I is 00000000100000000000000000000000
I after is 00000000000000000000000000000001
Biased exponent is 126
Removed is           0
Result is 11111111111111111111111111111111
Target number is 10111111000000000000000000000000
Sign is 1
Bias_exponent is 01111110
Fraction is 00000000000000000000000
I is 00000000100000000000000000000000
I after is 00000000000000000000000000000001
Biased exponent is 126
Removed is           0
Result is 11111111111111111111111111111111
Target number is 10111111000000000000000000000000
Sign is 1
Bias_exponent is 01111110
Fraction is 00000000000000000000000
I is 00000000100000000000000000000000
I after is 00000000000000000000000000000001
Biased exponent is 126
Removed is           0
Result is 11111111111111111111111111111111
Target number is 10111111000000000000000000000000
Sign is 1
Bias_exponent is 01111110
Fraction is 00000000000000000000000
I is 00000000100000000000000000000000
I after is 00000000000000000000000000000001
Biased exponent is 126
Removed is           0
Result is 11111111111111111111111111111111
Target number is 10111111000000000000000000000000
Sign is 1
Bias_exponent is 01111110
Fraction is 00000000000000000000000
I is 00000000100000000000000000000000
I after is 00000000000000000000000000000001
Biased exponent is 126
Removed is           0
Result is 11111111111111111111111111111111
# run 1.00us
Target number is 10111111000000000000000000000000
Sign is 1
Bias_exponent is 01111110
Fraction is 00000000000000000000000
I is 00000000100000000000000000000000
I after is 00000000000000000000000000000001
Biased exponent is 126
Removed is           0
Result is 11111111111111111111111111111111
Target number is 10111111000000000000000000000000
Sign is 1
Bias_exponent is 01111110
Fraction is 00000000000000000000000
I is 00000000100000000000000000000000
I after is 00000000000000000000000000000001
Biased exponent is 126
Removed is           0
Result is 11111111111111111111111111111111
Target number is 10111111000000000000000000000000
Sign is 1
Bias_exponent is 01111110
Fraction is 00000000000000000000000
I is 00000000100000000000000000000000
I after is 00000000000000000000000000000001
Biased exponent is 126
Removed is           0
Result is 11111111111111111111111111111111
Target number is 10111111000000000000000000000000
Sign is 1
Bias_exponent is 01111110
Fraction is 00000000000000000000000
I is 00000000100000000000000000000000
I after is 00000000000000000000000000000001
Biased exponent is 126
Removed is           0
Result is 11111111111111111111111111111111
Target number is 10111111000000000000000000000000
Sign is 1
Bias_exponent is 01111110
Fraction is 00000000000000000000000
I is 00000000100000000000000000000000
I after is 00000000000000000000000000000001
Biased exponent is 126
Removed is           0
Result is 11111111111111111111111111111111
Target number is 10111111000000000000000000000000
Sign is 1
Bias_exponent is 01111110
Fraction is 00000000000000000000000
I is 00000000100000000000000000000000
I after is 00000000000000000000000000000001
Biased exponent is 126
Removed is           0
Result is 11111111111111111111111111111111
Target number is 10111111000000000000000000000000
Sign is 1
Bias_exponent is 01111110
Fraction is 00000000000000000000000
I is 00000000100000000000000000000000
I after is 00000000000000000000000000000001
Biased exponent is 126
Removed is           0
Result is 11111111111111111111111111111111
Target number is 10111111000000000000000000000000
Sign is 1
Bias_exponent is 01111110
Fraction is 00000000000000000000000
I is 00000000100000000000000000000000
I after is 00000000000000000000000000000001
Biased exponent is 126
Removed is           0
Result is 11111111111111111111111111111111
Target number is 10111111000000000000000000000000
Sign is 1
Bias_exponent is 01111110
Fraction is 00000000000000000000000
I is 00000000100000000000000000000000
I after is 00000000000000000000000000000001
Biased exponent is 126
Removed is           0
Result is 11111111111111111111111111111111
Target number is 10111111000000000000000000000000
Sign is 1
Bias_exponent is 01111110
Fraction is 00000000000000000000000
I is 00000000100000000000000000000000
I after is 00000000000000000000000000000001
Biased exponent is 126
Removed is           0
Result is 11111111111111111111111111111111
# step
Stopped at time : 4050 ns : File "/home/csmajs/wbi002/cs161l_lab2/lab2_tb.v" Line 51
ISim P.68d (signature 0xfbc00daa)
----------------------------------------------------------------------
INFO:Security:50 - The XILINXD_LICENSE_FILE environment variable is set to '2100@elguapo.cs.ucr.edu'.
INFO:Security:53 - The LM_LICENSE_FILE environment variable is not set.
WARNING:Security:43 - No license file was found in the standard Xilinx license directory.
WARNING:Security:44 - Since no license file was found,
       please run the Xilinx License Configuration Manager
       (xlcm or "Manage Xilinx Licenses")
       to assist in obtaining a license.
WARNING:Security:42 - Your software subscription period has lapsed. Your current version of Xilinx tools will continue to function, but you no longer qualify for Xilinx software updates or new releases.


----------------------------------------------------------------------
This is a Full version of ISim.
# run 1000 ns
Simulator is doing circuit initialization process.
Finished circuit initialization process.
Target number is 11111111111111111111111111111111
Sign is 1
Bias_exponent is 11111111
Fraction is 11111111111111111111111
I is 00000000111111111111111111111111
I after is 00000000111111111111111111111111
Biased exponent is 255
Removed is         106
Result is xxxxxxxxxxxxxxxxxxxxxxxxxxxxxxxx
Target number is 11111111111111111111111111111111
Sign is 1
Bias_exponent is 11111111
Fraction is 11111111111111111111111
I is 00000000111111111111111111111111
I after is 00000000111111111111111111111111
Biased exponent is 255
Removed is         106
Result is xxxxxxxxxxxxxxxxxxxxxxxxxxxxxxxx
Target number is 00000000000000000000000000000011
Sign is 0
Bias_exponent is 00000000
Fraction is 00000000000000000000011
I is 00000000100000000000000000000011
I after is 00000000100000000000000000000011
Biased exponent is   0
Removed is        -149
Result is xxxxxxxxxxxxxxxxxxxxxxxxxxxxxxxx
Target number is 00000000000000000000000000000011
Sign is 0
Bias_exponent is 00000000
Fraction is 00000000000000000000011
I is 00000000100000000000000000000011
I after is 00000000100000000000000000000011
Biased exponent is   0
Removed is        -149
Result is xxxxxxxxxxxxxxxxxxxxxxxxxxxxxxxx
# run 1.00us
Target number is 00000000000000000000000000000011
Sign is 0
Bias_exponent is 00000000
Fraction is 00000000000000000000011
I is 00000000100000000000000000000011
I after is 00000000100000000000000000000011
Biased exponent is   0
Removed is        -149
Result is xxxxxxxxxxxxxxxxxxxxxxxxxxxxxxxx
Target number is 00000000000000000000000000000011
Sign is 0
Bias_exponent is 00000000
Fraction is 00000000000000000000011
I is 00000000100000000000000000000011
I after is 00000000100000000000000000000011
Biased exponent is   0
Removed is        -149
Result is xxxxxxxxxxxxxxxxxxxxxxxxxxxxxxxx
Target number is 10000000000000000000000000000000
Sign is 1
Bias_exponent is 00000000
Fraction is 00000000000000000000000
I is 00000000100000000000000000000000
I after is 00000000000000000000000000000001
Biased exponent is   0
Removed is        -127
Result is xxxxxxxxxxxxxxxxxxxxxxxxxxxxxxxx
Target number is 10000000000000000000000000000000
Sign is 1
Bias_exponent is 00000000
Fraction is 00000000000000000000000
I is 00000000100000000000000000000000
I after is 00000000000000000000000000000001
Biased exponent is   0
Removed is        -127
Result is xxxxxxxxxxxxxxxxxxxxxxxxxxxxxxxx
Target number is 00111111110000000000000000000000
Sign is 0
Bias_exponent is 01111111
Fraction is 10000000000000000000000
I is 00000000110000000000000000000000
I after is 00000000000000000000000000000011
Biased exponent is 127
Removed is           0
Result is 00000000000000000000000000000011
Target number is 00111111110000000000000000000000
Sign is 0
Bias_exponent is 01111111
Fraction is 10000000000000000000000
I is 00000000110000000000000000000000
I after is 00000000000000000000000000000011
Biased exponent is 127
Removed is           0
Result is 00000000000000000000000000000011
ISim P.68d (signature 0xfbc00daa)
----------------------------------------------------------------------
INFO:Security:50 - The XILINXD_LICENSE_FILE environment variable is set to '2100@elguapo.cs.ucr.edu'.
INFO:Security:53 - The LM_LICENSE_FILE environment variable is not set.
WARNING:Security:43 - No license file was found in the standard Xilinx license directory.
WARNING:Security:44 - Since no license file was found,
       please run the Xilinx License Configuration Manager
       (xlcm or "Manage Xilinx Licenses")
       to assist in obtaining a license.
WARNING:Security:42 - Your software subscription period has lapsed. Your current version of Xilinx tools will continue to function, but you no longer qualify for Xilinx software updates or new releases.


----------------------------------------------------------------------
This is a Full version of ISim.
# run 1000 ns
Simulator is doing circuit initialization process.
Finished circuit initialization process.
Target number is 11111111111111111111111111111111
Sign is 1
Bias_exponent is 11111111
Fraction is 11111111111111111111111
I is 00000000111111111111111111111111
I after is 00000000111111111111111111111111
Biased exponent is 255
Removed is         106
Result is xxxxxxxxxxxxxxxxxxxxxxxxxxxxxxxx
Target number is 11111111111111111111111111111111
Sign is 1
Bias_exponent is 11111111
Fraction is 11111111111111111111111
I is 00000000111111111111111111111111
I after is 00000000111111111111111111111111
Biased exponent is 255
Removed is         106
Result is xxxxxxxxxxxxxxxxxxxxxxxxxxxxxxxx
Target number is 00000000000000000000000000000011
Sign is 0
Bias_exponent is 00000000
Fraction is 00000000000000000000011
I is 00000000100000000000000000000011
I after is 00000000100000000000000000000011
Biased exponent is   0
Removed is        -149
Result is xxxxxxxxxxxxxxxxxxxxxxxxxxxxxxxx
Target number is 00000000000000000000000000000011
Sign is 0
Bias_exponent is 00000000
Fraction is 00000000000000000000011
I is 00000000100000000000000000000011
I after is 00000000100000000000000000000011
Biased exponent is   0
Removed is        -149
Result is xxxxxxxxxxxxxxxxxxxxxxxxxxxxxxxx
ISim P.68d (signature 0xfbc00daa)
----------------------------------------------------------------------
INFO:Security:50 - The XILINXD_LICENSE_FILE environment variable is set to '2100@elguapo.cs.ucr.edu'.
INFO:Security:53 - The LM_LICENSE_FILE environment variable is not set.
WARNING:Security:43 - No license file was found in the standard Xilinx license directory.
WARNING:Security:44 - Since no license file was found,
       please run the Xilinx License Configuration Manager
       (xlcm or "Manage Xilinx Licenses")
       to assist in obtaining a license.
WARNING:Security:42 - Your software subscription period has lapsed. Your current version of Xilinx tools will continue to function, but you no longer qualify for Xilinx software updates or new releases.


----------------------------------------------------------------------
This is a Full version of ISim.
# run 1000 ns
Simulator is doing circuit initialization process.
Finished circuit initialization process.
# run 1.00us
# run 1.00us
Test Complete
